2021-07-07 19:21:41 [restartedMain] INFO  c.ibs.litmus.LoggingDemoApplication - Starting LoggingDemoApplication using Java 15.0.1 on DESKTOP-DHA267I with PID 17064 (L:\Litmus Workspace 4\LoggingDemo\target\classes started by LENOVO in L:\Litmus Workspace 4\LoggingDemo)
2021-07-07 19:21:41 [restartedMain] DEBUG c.ibs.litmus.LoggingDemoApplication - Running with Spring Boot v2.5.2, Spring v5.3.8
2021-07-07 19:21:41 [restartedMain] INFO  c.ibs.litmus.LoggingDemoApplication - No active profile set, falling back to default profiles: default
2021-07-07 19:21:41 [restartedMain] INFO  o.s.b.w.e.tomcat.TomcatWebServer - Tomcat initialized with port(s): 8080 (http)
2021-07-07 19:21:41 [restartedMain] INFO  o.a.catalina.core.StandardService - Starting service [Tomcat]
2021-07-07 19:21:41 [restartedMain] INFO  o.a.catalina.core.StandardEngine - Starting Servlet engine: [Apache Tomcat/9.0.48]
2021-07-07 19:21:41 [restartedMain] INFO  o.a.c.c.C.[Tomcat].[localhost].[/] - Initializing Spring embedded WebApplicationContext
2021-07-07 19:21:41 [restartedMain] INFO  o.s.b.w.s.c.ServletWebServerApplicationContext - Root WebApplicationContext: initialization completed in 380 ms
2021-07-07 19:21:42 [restartedMain] DEBUG o.s.w.s.m.m.a.RequestMappingHandlerAdapter - ControllerAdvice beans: 0 @ModelAttribute, 0 @InitBinder, 1 RequestBodyAdvice, 1 ResponseBodyAdvice
2021-07-07 19:21:42 [restartedMain] DEBUG o.s.w.s.m.m.a.RequestMappingHandlerMapping - 3 mappings in 'requestMappingHandlerMapping'
2021-07-07 19:21:42 [restartedMain] DEBUG o.s.w.s.h.SimpleUrlHandlerMapping - Patterns [/webjars/**, /**] in 'resourceHandlerMapping'
2021-07-07 19:21:42 [restartedMain] DEBUG o.s.w.s.m.m.a.ExceptionHandlerExceptionResolver - ControllerAdvice beans: 0 @ExceptionHandler, 1 ResponseBodyAdvice
2021-07-07 19:21:42 [restartedMain] INFO  o.s.b.d.a.OptionalLiveReloadServer - LiveReload server is running on port 35729
2021-07-07 19:21:42 [restartedMain] INFO  o.s.b.w.e.tomcat.TomcatWebServer - Tomcat started on port(s): 8080 (http) with context path ''
2021-07-07 19:21:42 [restartedMain] INFO  c.ibs.litmus.LoggingDemoApplication - Started LoggingDemoApplication in 0.621 seconds (JVM running for 1814.667)
2021-07-07 19:21:42 [restartedMain] INFO  o.s.b.d.a.ConditionEvaluationDeltaLoggingListener - Condition evaluation unchanged
2021-07-07 19:21:48 [http-nio-8080-exec-1] INFO  o.a.c.c.C.[Tomcat].[localhost].[/] - Initializing Spring DispatcherServlet 'dispatcherServlet'
2021-07-07 19:21:48 [http-nio-8080-exec-1] INFO  o.s.web.servlet.DispatcherServlet - Initializing Servlet 'dispatcherServlet'
2021-07-07 19:21:48 [http-nio-8080-exec-1] DEBUG o.s.web.servlet.DispatcherServlet - Detected StandardServletMultipartResolver
2021-07-07 19:21:48 [http-nio-8080-exec-1] DEBUG o.s.web.servlet.DispatcherServlet - Detected AcceptHeaderLocaleResolver
2021-07-07 19:21:48 [http-nio-8080-exec-1] DEBUG o.s.web.servlet.DispatcherServlet - Detected FixedThemeResolver
2021-07-07 19:21:48 [http-nio-8080-exec-1] DEBUG o.s.web.servlet.DispatcherServlet - Detected org.springframework.web.servlet.view.DefaultRequestToViewNameTranslator@2627a8f2
2021-07-07 19:21:48 [http-nio-8080-exec-1] DEBUG o.s.web.servlet.DispatcherServlet - Detected org.springframework.web.servlet.support.SessionFlashMapManager@28e04246
2021-07-07 19:21:48 [http-nio-8080-exec-1] DEBUG o.s.web.servlet.DispatcherServlet - enableLoggingRequestDetails='false': request parameters and headers will be masked to prevent unsafe logging of potentially sensitive data
2021-07-07 19:21:48 [http-nio-8080-exec-1] INFO  o.s.web.servlet.DispatcherServlet - Completed initialization in 1 ms
2021-07-07 19:21:48 [http-nio-8080-exec-1] DEBUG o.s.web.servlet.DispatcherServlet - GET "/test/neha", parameters={}
2021-07-07 19:21:48 [http-nio-8080-exec-1] DEBUG o.s.w.s.m.m.a.RequestMappingHandlerMapping - Mapped to com.ibs.litmus.LoggingDemoApplication#greeting(String)
2021-07-07 19:21:48 [http-nio-8080-exec-1] DEBUG c.ibs.litmus.LoggingDemoApplication - Request neha
2021-07-07 19:21:48 [http-nio-8080-exec-1] DEBUG c.ibs.litmus.LoggingDemoApplication - Response Hi neha Welcome...
2021-07-07 19:21:48 [http-nio-8080-exec-1] DEBUG o.s.w.s.m.m.a.RequestResponseBodyMethodProcessor - Using 'text/html', given [text/html, application/xhtml+xml, image/avif, image/webp, image/apng, application/xml;q=0.9, application/signed-exchange;v=b3;q=0.9, */*;q=0.8] and supported [text/plain, */*, text/plain, */*, application/json, application/*+json, application/json, application/*+json]
2021-07-07 19:21:48 [http-nio-8080-exec-1] DEBUG o.s.w.s.m.m.a.RequestResponseBodyMethodProcessor - Writing ["Hi neha Welcome..."]
2021-07-07 19:21:48 [http-nio-8080-exec-1] DEBUG o.s.web.servlet.DispatcherServlet - Completed 200 OK
